2008/09/21 *
Отборочный турнир «Открытый кубок Ростова 2008» по каратэ (6-15 лет)
Ростов-на-Дону
(WKF)

proto_080921.doc

2008/09/26-28
Кубок Чёрного моря 2008 по каратэ
Одесса (Украина)
(WKF)



2008/10/17-19 *
Командное первенство России 2008 по каратэ (14-15 лет)
Уфа
(WKF)



2008/10/25-26
Кубок Донбаса 2008 по каратэ
Донецк (Украина)
(WKF)

proto_081025.doc

2008/11/08-09 *
Первенство и Чемпионат Ростовской области – 2008
Ростов-на-Дону
(WKF)

proto_081108.doc

2008/12/20-21
Первенство Ростова-на-Дону по каратэ среди спортивных школ и клубов
Ростов-на-Дону
(WKF)



2008/12/21
«Открытое первенство г. Шахты» 2008 по каратэ
Шахты
(WKF)



2009/02/06-07 *
Чемпионат ЮФО 2009 по каратэ
Усть-Джегута
(WKF)

proto_090206.doc

2009/02/21-22 *
Открытый кубок Ростовской области 2009 по каратэ
Ростов-на-Дону
(WKF)

proto_090221.doc

2009/02/14-15
Открытое первенство Ростовской области по каратэ среди спортивных школ (с 6 кю)
Ростов-на-Дону, ДЮСШ № 5
(WKF)



2009/03/14-15 *
Чемпионат России 2009 по каратэ
Нижний Новгород
(WKF)



2009/03/21-22
Учебно-аттестационный семинар под руководством шеф-инструктора W.S.K.F. сенсея Хитоши Касуя
Ростов-на-Дону

cond_090321.doc

2009/03/22/
2009/04/10-12 *
Всероссийские соревнования cреди детей по каратэ
Пенза
(WKF)


2009/04/12/
2009/04/25-26
Открытое первенство и чемпионат ЮФО по каратэ среди спортивных школ
Ростов-на-Дону




2009/04/26
Учебно-аттестационный судейский семинар
Ростов-на-Дону, СШ № 98

cond_090426.doc

2009/04/26/
2009/05/03
Открытый командный кубок Ростовской области по каратэ (кумитэ, 8-13 лет)
Ростов-на-Дону, С/К РГУПС
(WKF)
cond_090503.doc
proto_090503.doc
2009/05/03/
2009/05/23-24
1й кубок Черноморского побережья Кавказа по каратэ
Сочи, Дагомыс
(WKF)
cond_090523.doc
proto_090523.doc
2009/05/24/
2009/06/06
Открытый кубок г. Армавира по каратэ
Армавир
(WKF)
cond_090606.doc
proto_090606.doc
2009/06/06/
2009/06/20-30
Учебно-тренировочные сборы
Шепси (Туапсе)



2009/06/30/
2009/08/01-11
Учебно-тренировочные сборы
Дмитриадовка (Таганрог)

cond_090801.doc

2009/08/10/
2009/08/23 *
Первенство ЮФО по каратэ (14-20 лет)
Тырныауз (КБР)
WKF



2009/09/06 *
Открытый областной отборочный турнир по каратэ 2009 (14-20 лет)
Ростов-на-Дону
(WKF)
cond_090906.doc
proto_090906.doc
2009/09/06/
2009/09/10-13 *
Всероссийский отборочный турнир на Молодежный чемпионат мира 2009 в Марокко (14-20 лет)
Саратов
(WKF)
cond_090910.doc

2009/09/13/
2009/09/20
Учебно-аттестационный судейский семинар
Ростов-на-Дону, СШ № 31
(WKF)
cond_090920.doc

2009/09/20/
2009/09/26-27
Международный «Кубок Черного моря» по каратэ (8-17 лет, 18+)
Одесса, Украина
(WKF)



2009/09/26-27
Первенство СДЮСШОР-5 по каратэ (8-15 лет, до 6 кю включительно)
Ростов-на-Дону, СДЮСШОР-5
(WKF)



2009/10/03-04 *
Первенство и чемпионат Ростовской области по каратэ (8-17 лет, 18+, 38+)
Ростов-на-Дону
(WKF)
cond_091003.doc
proto_091003.doc
2009/10/04/
2009/10/11
Открытый кубок г. Шахты по каратэ (8-14 лет)
Шахты
(WKF)
cond_091011.doc
proto_091011.doc

2009/10/18 *
Первенство ЮФО по каратэ среди детей (10-11, 12-13 лет)
Ростов-на-Дону
(WKF)

proto_091018.doc
2009/10/18/
2009/10/30-01/11 *
Первенство России 2009 и всероссийские соревнования по каратэ (10-11, 12-13 лет)
Ростов-на-Дону
(WKF)


2009/11/01/
2009/12/03-06 *
Первенство России по каратэ (14-15, 16-17, 18-20 лет)
Тула
(WKF)


2009/12/06/
2009/12/19-20
Первенство города по каратэ среди спортивных школ и клубов (8–17 лет)
Ростов-на-Дону, СДЮСШОР-5
(WKF)



2010/01/05-10
Учебно-тренировочные сборы
Ростов-на-Дону
(WKF)


2010/01/10
2010/01/30-31
Открытое первенство и чемпионат г. Ростова-на-Дону по спортивному каратэ (8–17 лет, 18+)
Ростов-на-Дону, СДЮСШОР-5
 (SKI)
 

 
2010/02/13-14
Открытое первенство области по каратэ-до среди спортивных школ (8–17 лет, с 6 кю)
Ростов-на-Дону, СДЮСШОР-5
(WKF)


2010/02/14/
2010/02/13-14 *
Чемпионат ЮФО по каратэ (18+)
Элиста, Калмыкия
(WKF)



2010/02/21
Международный Кубок главы администрации Сальского р-на по каратэ (18+)
Сальск
(WKF)
cond_100221.doc


2010/02/22
Судейский семинар по ката
Ростов-на-Дону, СДЮСШОР-5
(взять каратэ-ги для практических занятий)



2010/02/28 *
Открытый командный кубок Ростовской области по каратэ (8 лет и старше)
Ростов-на-Дону
(WKF)
cond_100228.doc
proto_100228.doc

2010/03/11-14
Первенство и чемпионат России по каратэ (10–17 лет, 18+)
Екатеринбург
(WKF)



2010/04/11 *
Открытый областной турнир по каратэ среди детей (6-11 лет)
Ростов-на-Дону
(WKF)
cond_100411.doc
proto_100411.doc

2010/04/17-18 *
Первенство России среди школьников 2010 (10-17 лет)
Лобня



2010/04/19/
2010/04/17-18
Учебно-аттестационный семинар Хитоши и Таро Касуя
Ростов-на-Дону

cond_100417.doc

2010/04/18/
2010/04/24-25
Открытое первенство и чемпионат ЮФО по спортивному каратэ (8-17 лет, 18+)
Дагомыс (Сочи)
(SKI)



2010/05/01-03
2-ой Кубок Черноморского побережья по каратэ (7-17 лет)
Дагомыс (Сочи)
(WKF)



2010/05/08 *
Турнир по каратэ, посвященный 65й годовщине Победы в ВОВ (12+)
Ростов-на-Дону
(WKF)
cond_100508.doc
proto_100508.doc
2010/05/08
2010/05/30
Учебно-практический, аттестационный судейский семинар по каратэ
Ростов-на-Дону
(WKF)
cond_100530.doc


2010/06/05
Открытый кубок Краснодарского края по каратэ (6-13 лет)
Армавир
(WKF)
cond_100605.doc
proto_100605.doc
2010/06/05
2010/06/15-25
Учебно-тренировочные сборы
Шепси




2010/08/28
Отчётно-выборное собрание ФКРО
Ростов-на-Дону
(Комарова 28/3, школа № 30, 12:00)



2010/08/01-11
Учебно-тренировочные сборы
Красный Десант (Таганрог)

cond_100801.doc


2010/09/19 *
Открытый чемпионат г. Шахты (6-13 лет)
Шахты
(WKF)
cond_100919.doc
proto_100919.doc

2010/09/25-26
Первенство СДЮСШОР-5 по каратэ (до 6 кю включ, 8-15 лет)
Ростов-на-Дону, СДЮСШОР-5
(WKF)



2010/10/02-03
XII кубок Черного моря (8-16+ лет)
Одесса
(WKF)
cond_101002.doc


2010/10/10 *
Первенство Ростовской области по каратэ (10-13 лет)
Ростов-на-Дону
(WKF)
cond_101010.doc
proto_101010.doc
2010/10/10
2010/10/24 *
Первенство ЮФО по каратэ (10-13 лет)
Сальск
(WKF)
cond_101024.doc


2010/10/24
Открытое первенство г. Сальска по каратэ (8-9 лет)
Сальск
(WKF)
cond_101024s.doc


2010/10/31 *
Чемпионат Ростовской области по каратэ (6-9, 14-15, 16-17, 18+, 38+)
Ростов-на-Дону
(WKF)
cond_101031.doc


2010/11/05-07 *
Первенство России 2010 по каратэ (10-13 лет)
Санкт-Петербург




2010/11/21 *
Первенство ЮФО 2010 по каратэ (14-20 лет)
Волжский
(WKF)
cond_101121.doc


2010/12/03-05 *
Первенство России 2010 года по каратэ (14-20 лет)
Орел
(WKF)



2010/12/12
Кубок Платова-2010 по каратэ (10-13 лет)
Новочеркасск
(WKF)
cond_101212.doc


2011/01/22-23 *
Открытый турнир по каратэ «Невский Факел-2011»
Санк-Петербург
(WKF)
cond_110122.doc


2011/02/05-06
Открытое первенство Ростовской области по каратэ-до среди спортивных школ
Ростов-на-Дону, СДЮСШОР-5
(WKF)



2011/02/13 *
Чемпионат ЮФО по каратэ (16+)
Ростов-на-Дону
(WKF)
cond_110213.doc
proto_110213.doc
2011/02/13
2011/02/13 *
Открытый областной турнир по каратэ (6-7, 8-9, 38+)
Ростов-на-Дону
(WKF)
cond_110213t.doc
proto_110213t.doc
2011/02/13
2011/02/27 *
Открытый кубок клуба «Лотос» по каратэ (10-11, 12-13, 14-15)
Ростов-на-Дону
(WKF)
cond_110227.doc

2011/02/27
2011/03/12-13
Чемпионат России по каратэ
Москва
(WKF)
cond_110312.doc


2011/03 *
Открытый кубок клуба «Контакт» 14+
Сальск
(WKF)



2011/04/01-03
Первенстве России по каратэ-до Син-Сёбу
Аксай

cond_110401.doc


2011/04/09-10
Учебно-аттестационный семинар под руководством Х. Касуя
Ростов-на-Дону

cond_110409.doc


2011/04/30-03/05
3-й Кубок Черноморского побережья по каратэ
Сочи
(WKF)
cond_110430.doc


2011/05/08
Областной турнир по каратэ «Кубок Победы – 2011» (6-7,8-9,10-11,12-13)
Ростов-на-Дону
(WKF)
cond_110508.doc
proto_110508.doc

2011/05
Кубок Северного Кавказа по каратэ
Пятигорск
(WKF)



2011/06/05
«Открытый Кубок Барса» по каратэ (6-7, 8-9, 10-11, 12-13)
Армавир
(WKF)
cond_110605.doc


2011/06/30-09/07
Учебно-тренировочные сборы
Совет Квадже, санаторий «Смена»

cond_110630.doc


2011/08/01-11
Учебно-тренировочные сборы
Дмитриадовский (под Таганрогом)

cond_110801.doc


2011/08
Кубок России 2011 по каратэ (18+)
?




2011/09
Кубок Ростова-на-Дону по каратэ
Ростов-на-Дону




2011/09/18
Учебно-практический семинар по кумитэ
Ростов-на-Дону
(СДЮСШОР-5)
cond_110918.doc


2011/09/24-25
Кубок Черного моря 2011 по каратэ
Одесса
(WKF)



2011/09/24-25
Первенство СДЮСШОР-5 по каратэ (до 6кю включительно)
Ростов-на-Дону
(WKF)



2011/10/09
Первенства ЮФО по каратэ (10-13 лет)
Ростов-на-Дону
(WKF)
cond_111009.doc
proto_111009.doc

2011/10/29
Учебно-аттестационный судейский семинар по каратэ
Ростов-на-Дону, Аксай
(WKF)
cond_111029.doc


2011/11
Первенство России по каратэ (10-13 лет)
Тюмень




2011/11/03-04
Всероссийские соревнования по каратэ (14+)
Воронеж
(WKF)
cond_111103.doc


2011/11/06
Первенство и Чемпионат Ростовской области по каратэ (6-9, 14+, 38+)
Ростов-на-Дону
(WKF)
cond_111106.doc


2011/11/20
Первенство ЮФО по каратэ (14-15,16-17,18-20)
Волгоград
(WKF)
cond_111120.doc


2011/12/16-18
Первенство России по каратэ (14-20)
Санкт-Петербург
(WKF)



2011/12/25
Кубок Платова 2011 по каратэ
Новочеркасск
(WKF)



2012/01/08
Учебно-методический тренерский судейский семинар по каратэ
Ростов-на-Дону, МОУ СОШ № 98
(WKF)
cond_120108.doc


2012/01/15
Открытый Рождественский турнир по каратэ (6-11)
Ростов-на-Дону
(WKF)
cond_120115.doc
proto_120112.doc

2012/01/29
Открытый кубок клуба «Лотос»
Ростов-на-Дону
(WKF)



2012/02/24-26
Чемпионат России – 2012 по каратэ
По назначению
(WKF)



2012/02/25
Открытый ежегодный турнир «Кубок мужества» (6-7, 8-9, 10-11, 12-13, 14-15)
Тольятти
(WKF)
cond_120225.doc


2012/03
Всероссийские соревнования «Полосатый тигр»
Уфа
(WKF)



2012/03
Всероссийские соревнования «Петербургская весна»
Санкт-Петербург
(WKF)



2012/03/09-10
Открытый областной турнир по каратэ «Весна-2012» (6-7, 8-9, 10-11, 12-13, 14-15, 16+, 38+)
Ростов-на-Дону
(WKF)
cond_120309.doc
proto_120309.doc

2012/03/10
Открытый турнир по каратэ «Кубок мужества» (6-7, 8-9, 10-11, 12-13, 14-15)
Тольятти
(WKF)
cond_120310.doc


2012/03/25
Первенство ЦФО по каратэ WKF (10-11, 12-13)
Липецк
(WKF)
cond_120325.doc


2012/04/07-08
Учебно-аттестационный семинар под руководством Х. Касуя
Ростов-на-Дону
(WKF)
cond_120407s.doc


2012/04/07-08
III первенство и чемпионат Федерации каратэ WKC России
Казань
(WKC)
cond_120407.doc


2012/04
Первенство России среди студентов
Санкт-Петербург
(WKF)



2012/04
Первенство Росси среди учащихся (10-17)
По назначению
(WKF)



2012/05
4-й Кубок Черноморского побережья по каратэ
Сочи
(WKF)



2012/05/05-06
Учебно-аттестационный судейский семинар по каратэ
Ростов-на-Дону, Аксай
(WKF)
cond_120505.doc


2012/05/20
Открытый турнир по каратэ «Кубок Победы 2012»
Ростов-на-Дону
(WKF)
cond_120520.doc
proto_120520.doc

2012/05/20
Чемпионат ЮФО по каратэ
Ростов-на-Дону
(WKF)
cond_120520s.doc
proto_120520s.doc

2012/06/03
Открытый кубок города Армавир
Армавир
(WKF)
cond_120603.doc


2012/06/25-05/07
Учебно-тренировочные сборы, Чёрное море
Совет Квадже
(WKF)



2012/08/05-15
Учебно-тренировочные сборы
Таганрог
(WKF)



2012/08/29
Отчетно-выборное собрание ФКРО
Ростов-на-Дону
(школа № 76)



2012/09/12-15
V Открытые Всероссийские юношеские игры боевых искусств
Анапа
(WKC)



2012/09/29-30
Международный турнир Кубок Чёрного моря 2012 по каратэ
Одесса (Украина)
(WKF)



2012/10/14
Первенство ДЮСШ-5 по каратэ (до 6 кю включительно, 6-13)
Ростов-на-Дону
(WKF)



2012/10/20 *
Чемпионат и Первенство Ростовской области 2012 по каратэ (6-7, 8-9, 18+, 38+)
Ростов-на-Дону
(WKF)
cond_121020.doc


2012/10/21 *
Первенство Южного Федерального Округа по каратэ среди детей (10-13)
Ростов-на-Дону
(WKF)
cond_121021.doc
proto_121021.doc

2012/10/27-28
I-й Донской фестиваль боевых искусств (10-11, 12-13, 14-15)
Шахты
(WKF)
cond_121027.doc


2012/11/03-06 *
Первенство России 2012 по каратэ среди детей (10-13)
Санкт-Петербург
(WKF)



2012/11/11
Открытый турнир по каратэ посвященный Дню полиции
Ростов-на-Дону
(WKF)



2012/11/15-18
Первенство и Чемпионат России по WKC 2012 года
Санкт-Петербург
(WKC)



2012/11/17
Первенство ДЮСШ-5 по спортивному каратэ (начальный и средний уровень)
Ростов-на-Дону
(SKI)



2012/11/18 *
Первенство Южного Федерального Округа по каратэ (14-20)
Волгоград
(WKF)



2012/11/25
Открытый областной турнир по карате «Кубок Пересвета» (6-13)
Аксай
(WKF)



2012/12/08-09
Первенство Ростова-на-Дону по каратэ среди спортивных школ и клубов (6-17)
Ростов-на-Дону
(WKF)



2012/12/15-16 *
Первенство России по каратэ (14-20)
Череповец
(WKF)



2012/12/23
Учебно-практический семинар по правилам каратэ WKF раздел кумите
Ростов-на-Дону, Нагибина 33
(WKF)
cond_121223.doc


2013/01/26-27
Открытый турнир по каратэ «Зима-2013» (6-7, 8-9, 10-11, 12-13, 14-15, 16-17, 18+, 38+)
Ростов-на-Дону
(WKF)
cond_130126.doc


2013/01
Учебно-тренировочные сборы сборной команды Ростовской области по каратэ
Ростов-на-Дону
(WKF)



2013/02/02-03
Открытое первенство и чемпионат Ростова-на-Дону по спортивному каратэ
Ростов-на-Дону
(SKI)



2013/02/16-17 *
Чемпионат Южного Федерального Округа по каратэ 2013
Ростов-на-Дону
(WKF)



2013/02/17
Открый турнир по каратэ посвящённый «Дню защитника Отечества» (8-9,10-11,12-13,14-15)
Ростов-на-Дону
(WKF)
cond_130217.doc


2013/02/17
Первенство ДЮСШ-5 по начальной технической и общефизической подготовке (6-13)
Ростов-на-Дону
(WKF)



2013/03/02-03 *
Чемпионат России по каратэ WKF 2013
Кисловодск
(WKF)



2013/03
Всероссийские соревнования «Петербургская весна»
Санкт-Петербург
(WKF)



2013/03/23-24 *
Открытый областной турнир «Весна-2013» (6-7,8-9,14-15,16+,38+)
Ростов-на-Дону
(WKF)
cond_130323.doc
proto_130323.doc

2013/04/06-07
Учебно-аттестационный семинар под руководством шеф-инструктора WSKF Хитоши Касуя
Ростов-на-Дону

cond_130406.doc


2013/04
Областной турнир «Кубок атамана Платова – 2013»
Новочеркасск
(WKF)



2013/04
Открытое первенство и чемпионат Ростовской области по спортивному каратэ (с 6 кю)
Ростов-на-Дону, ДЮСШ-5
(WKF)



2013/04 *
Первенство России по каратэ среди учащихся 10-17 лет
По назначению
(WKF)



2013/04
4-ий Кубок России по каратэ WKC (вид спорта: стилевое каратэ)
По назначению
(WKC)



2013/04/11-14 *
Международные соревнования по каратэ WKC в рамках VII Олимпиады боевых искусств «Восток-Запад»
Санкт-Петербург
(WKC)



2013/04/20-21 *
Первенство России по каратэ среди студентов
По назначению
(WKF)



2013/04/28
Открытый областной турнир по карате «Звёзды Пересвета» (6-13)
Аксай
(WKF)
cond_130428.doc


2013/05/02-05
Всероссийские соревнования «Кубок Черноморского побережья Кавказа»
Сочи
(WKF)



2013/05/12 *
Кубок ЮФО «Кубок Победы – 2013»
Ростов-на-Дону
(WKF)
cond_130512.doc
proto_130512.doc

2013/06/08
Открытый Кубок Барса по каратэ
Армавир
(WKF)
cond_130608.doc


2013/06/20-30
Учебно-тренировочные сборы «Чёрное море – 2013»
Совет Квадже
(WKF)



2013/08
Учебно-тренировочные сборы
Таганрог
(WKF)



2013/09/21-22
Всероссийские соревнования «На кубок федерации каратэ Вадо-Кай России»
Москва
(Вадо-Кай)



2013/10/12-13 *
Открытый чемпионат и первенство РО по каратэ WKF (6 лет и старше)
Ростов-на-Дону
(WKF)
cond_131012.doc
proto_131012.doc

2013/10/25-28 *
Первенство России по каратэ (10-13)
Казань
(WKF)



2013/10/26-27
Первенство ДЮСШ-5 по спортивному каратэ (6-7 ката, 8-15)
Ростов-на-Дону
(SKI)



2013/11/10 *
Первенство ЮФО по каратэ (14-20)
Ростов-на-Дону
(WKF)
cond_131110.doc
proto_131110.doc

2013/11/17
Международый турнир по карате «Кубок Пересвета» (6-14)
Ростов-на-Дону
(WKF)

proto_131117.doc

2013/11/23-24
Первенство ДЮСШ-5 по каратэ (6-7 ката, 8-15)
Ростов-на-Дону
(WKF)



2013/11/30-01/12 *
Всероссийские соревнования «Надежды России» (14-20)
Волжский
(WKF)



2013/12/07-08
Первенство Ростова-на-Дону по каратэ среди спортивных школ и клубов (8-17)
Ростов-на-Дону
(WKF)



2013/12/14-15
Технический семинар по каратэ (Агаев, Алиев)
Ростов-на-Дону
(WKF)
cond_131214.doc


2014/02/16 *
Открытый областной турнир по каратэ «Зима-2014» (6-7, 10-13)
Ростов-на-Дону
(WKF)
cond_140216.doc
proto_140216.doc

2014/03/15-16 *
Открытое первенство ЮФО и открытый турнир по каратэ (6-9, 10-13)
Элиста
(WKF)
cond_140315.doc
proto_140315.doc

2014/03/29-30 *
Открытый областной турнир по каратэ «Весна–2014» (6-9, 10-13, 14-17, 18+, 38+)
Ростов-на-Дону
(WKF)
cond_140329.doc
proto_140329.doc

2014/04/18-19
Учебно-аттестационный семинар под руководством шеф-инструктора WSKF Хитоши Касуя
Ростов-на-Дону

cond_140418.doc


2014/05/18
Командрый кубок Ростовской области «Кубок Победы 2014» (6-7, 8-9, 10-11, 12-13, 14+)
Ростов-на-Дону
(WKF)

proto_140518.doc

2014/05/25
Открытый областной турнир по каратэ «Кубок атамана Платова 2014» (8-9, 10-11, 12-13)
Новочеркасск
(WKF)
cond_140525.doc


2014/06/20-30
Учебно-тренировочные сборы «Чёрное море – 2014»
Совет Квадже
(WKF)



2014/06
Открытый кубок Армавира по каратэ
Армавир
(WKF)



2014/07/03-07
Международные соревнования, 5-й кубок Мира по каратэ среди кадетов и юниоров
Греция, о.Корфу
(WKF)



2014/08
Учебно-тренировочные сборы
Таганрог
(WKF)



2014/09/27-28
Всероссийские соревнования «Кубок Кавказа» (10+)
Аква-Лоо
(WKF)
cond_140927.rar


2014/10/12
Всероссийские соревнования «Кубок Орла» (14+)
Орёл
(WKF)



2014/10/19
Учебно-теоретический семинар по правилам каратэ WKF раздел кумите
Ростов-на-Дону
(WKF)
cond_141019.doc


2014/10/25-26
Открытый Чемпионат и Первенство Ростовской области по каратэ WKF – 2014 (6+)
Ростов-на-Дону
(WKF)
cond_141025.doc
proto_141025.doc

2014/11/15
Открытый областной турнир по каратэ «Осень–2014» (6-13)
Ростов-на-Дону
(WKF)
cond_141115.doc


2014/11/16
Первенство ЮФО по каратэ WKF (14-20)
Ростов-на-Дону
(WKF)
cond_141116.doc


2014/11
УТС сборной команды Ростовской области (14-20)
Ростов-на-Дону
(WKF)



2014/11/28-30
Первенство России по каратэ WKF (14-20)
Чехов
(WKF)



2014/11
Международный турнир по каратэ WKF «Кубок Пересвета» (кумитэ) (6-14)
Ростов-на-Дону
(WKF)



2014/12/14
Учебно-аттестационный судейский семинар по каратэ
Ростов-на-Дону
(WKF)
cond_141214.doc
proto_141214.doc

2015/01/23-26
Всероссийские соревнования «Невский факел» (10+)
Санкт-Петербург
(WKF)



2015/01/24 *
Открытый областной турнир по каратэ «Зима-2015» (10-11,12-13)
Ростов-на-Дону
(WKF)
cond_150124.doc
proto_150124.doc

2015/01/24 *
Чемпионат Южного федерального округа по каратэ
Ростов-на-Дону
(WKF)
cond_150124_.doc
proto_150124_.doc

2015/03/14 *
Первенство Южного Федерального округа (10-11,12-13)
Ростов-на-Дону
(WKF)
cond_150314.doc
proto_150314.doc

2015/03/15 *
Открытый областной турнир по каратэ «Весна – 2015» (6-7,8-9,14-15,16-17,38+)
Ростов-на-Дону
(WKF)
cond_150315.doc


2015/04/18-19
Учебно-аттестационный семинар под руководством шеф-инструктора WSKF Хитоши Касуя
Ростов-на-Дону




2015/05/17 *
Открытый областной турнир по каратэ «Кубок Победы-2015» (6+)
Ростов-на-Дону
(WKF)
cond_150517.doc


2015/06
Учебно-тренировочные сборы
Черноморское побережье
(WKF)



2015/08
Учебно-тренировочные сборы
Таганрог
(WKF)



2015/09/06 *
Первенство ФК Южного федерального округа 2015 года по каратэ (14-15,16-17,18-20)
Ростов-на-Дону
(WKF)
cond_150906.doc


2015/09/18-20
Первенство России по каратэ для кадетов и юниоров (14-15,16-17,18-20)
Тула
(WKF)



2015/10/04
Открытый международный турнир по каратэ «Кубок Пересвета» (6-7,8-9,10-11,12-13)
Ростов-на-Дону
(WKF)
cond_151004.doc


2015/10/10-11
Всероссийские соревнования «Кубок Орла»
Орёл
(WKF)



2015/10/17-18
Открытый областной турнир по каратэ «Осень – 2015» (6-7,8-9,14+,14-17,18+,35-45,45+)
Ростов-на-Дону
(WKF)
cond_151017.doc
proto_151017.doc

2015/11/07
Первенство ЮФО по каратэ среди кадетов и юниоров (14-15,16-17,18-20)
Ростов-на-Дону
(WKF)
cond_151107.doc
proto_151107.doc

2015/12/12-13 *
Открытый Чемпионат и Первенство Ростовской области по каратэ (6+)
Ростов-на-Дону
(WKF)
cond_151212.doc


2016/01
Открытый кубок клуба «Лотос» по каратэ
Ростов-на-Дону
(WKF)



2016/01/09
Учебно-аттестационный судейский семинар
Ростов-на-Дону
(WKF)
cond_160109.doc


2016/01/16-17 *
Областной турнир по каратэ «Зима-2016»
Ростов-на-Дону
(WKF)



2016/01/24 *
Чемпионат ЮФО по каратэ (18+)
Ростов-на-Дону
(WKF)



2016/01/22-24
Всероссийские соревнования по каратэ «Невский факел» (10+)
Санкт-Петербург
(WKF)



2016/02
Открытое первенство по каратэ в честь освобождения г.Шахты
Шахты
(WKF)



2016/02/12-14
Чемпионат России по каратэ (18+)
Одинцово
(WKF)



2016/03/13 *
Первенство ЮФО по каратэ (8-13)
Ростов-на-Дону
(WKF)
cond_160313.doc


2016/03/13 *
Открытый турнир ФКРО «Весна – 2016» (8-9)
Ростов-на-Дону
(WKF)
cond_160313f.doc


2016/04/03
Открытый областной турнир по каратэ «Звёзды Пересвета» (6-13, 18-20)
Ростов-на-Дону
(WKF)
cond_160403.doc


2016/04
Учебно-аттестационный семинар по катарэ под руководством Хитоши Касуя (8 дан)
Ростов-на-Дону




2016/04
Открытый областной турнир «Кубок атамана Платова – 2016»
Новочеркасск
(WKF)



2016/05/14-15
Командный Кубок ЮФО по каратэ «Кубок Победы – 2016»
Ростов-на-Дону
(WKF)



2016/06
Учебно-тренировочные сборы
Черноморское побережье
(WKF)



2016/08
Учебно-тренировочные сборы
Таганрог
(WKF)



2016/10
Открытый областной турнир по каратэ «Звёзды Пересвета»
Аксай
(WKF)



2016/10/07-10
Всероссийские соревнования по каратэ «Кубок Орла»
Орёл
(WKF)



2016/10/15-16
Международный турнир «Caucasus star»
Ереван
(WKF)



2016/10/29
Oткрытый областной турнир по каратэ «Осень - 2016» (8+)
Ростов-на-Дону
(WKF)
cond_161029.doc
proto_161029.doc

2016/11/06
Первенство ЮФО по каратэ (14-20)
Сальск
(WKF)

proto_161106.doc

2016/11/11-14
Всероссийские соревнования «Кубок ТЭС»
Симферополь
(WKF)



2016/11/13
Открытое Первенство Пятигорска по Шотокан
Пятигорск
(WKF)



2016/11/19-20
Чемпионат и Первенство Ростовской области по каратэ 2016 (6+)
Ростов-на-Дону
(WKF)
cond_161119.doc
proto_161119.doc

2016/12/01-05
Первенство России по каратэ, кадеты, юниоры (14-20)
Пенза
(WKF)



2016/12/11
Открытый кубок главы администрации Боковского района
Боковская
(WKF)



2016/12/17-18
Всероссийские соревнования «Кубок Дружбы»
Тольятти
(WKF)



2016/12
Новогодний кубок
Новочеркасск
(WKF)



2017/02/11
Открытый областной турнир по каратэ «Зима-2017»
Ростов-на-Дону
(WKF)
cond_170211.doc
proto_170211.doc

2017/02/12
Чемпионат ЮФО по каратэ (16+, 18+)
Ростов-на-Дону
(WKF)
cond_170212.doc
proto_170212.doc

2017/03/03-05
Чемпионат России по каратэ (18+)

(WKF)



2017/03/18-19
Открытое первенство города по каратэ WKF 2017 (8-15)
Шахты
(WKF)



2017/03/22-23
Всероссийский турнир «Кубок Кавказа» (12+)
Аква-Лоо
(WKF)



2017/03/25
Открытый областной турнир «Весна-2017» (10+)
Ростов-на-Дону
(WKF)
cond_170325.doc


2017/03
Турнир ЮФО на призы СК «Атамана Платова» (12+)
Аксай
(WKF)



2017/04
Открытое Первенство по каратэ Пятигорска
Пятигорск
(WKF)



2017/04/08-09
Учебно-аттестационный семинар по катарэ под руководством Хитоши Касуя (8 дан)
Ростов-на-Дону
 
cond_170408.doc


2017/04/02
Открытый областной турнир Кубок Атамана Платова–2017
Новочеркасск
(WKF)



2017/05/13-14
Командный Кубок ЮФО по каратэ «Кубок Победы – 2017» (6+)
Ростов-на-Дону
(WKF)



2017/06
Учебно-тренировочные сборы
Черноморское побережье
(WKF)



2017/08
Учебно-тренировочные сборы
Таганрог
(WKF)



2017/09
Первенство ЮФО по каратэ (14-20)
Ростов-на-Дону
(WKF)



2017/09
Первенство России по каратэ (14-20)

(WKF)



2018/09/23
Открытый областной турнир «Кубок Пересвета»
Ростов-на-Дону
(WKF)



2019/02/17
Открытый кубок мэра г. Миллерово (6-15)
Миллерово
(WKF)



2019/03/23-24
Первенство ЮФО 2019 г. среди детей (10-13)
Элиста
(WKF)



2019/03/28-01/04
Всероссийский турнир «Кубок Кавказа» (12+)
Аква-Лоо
(WKF)



2019/04/20-21
Первенство России 2019 г. среди детей (10-13)
Нальчик
(WKF)



2019/04/27
Первенство ЮФО, 2-й этап отбора на финал Спартакиады России среди учащихся (16-17)
Ростов-на-Дону
(WKF)



2019/04
Областной турнир «Звёзды Пересвета» (6-15)
Аксай
(WKF)



2019/04
Открытый Кубок СК «Атаман Платов» (?)
Аксай
(WKF)



2019/04
Открытый областной турнир Кубок Атамана Платова 2019 г. по каратэ (?)
Новочеркасск
(WKF)



2019/04
Учебно-аттестационный семинар по каратэ Х. Касуя (8+)
Ростов-на-Дону




2019/06
Учебно-тренировочные сборы по каратэ «Чёрное море – 2019» (8+)
Краснодарский край



