20210131 img_00 img_01 img_02 img_03 img_04
20210124 20210124_1 20210124_3 20210124_7 20210124_8 20210124_9 20210124_10 20210124_11 20210124_12 20210124_2 20210124_4 20210124_5 20210124_6
20201114 img_1047 img_1048 img_1049 img_1050 img_1051 img_1052 img_1101 img_1103 img_1102 img_1100
20170220 20170216_2 20170216_3 20170216_4 20170216_5 20170217_1 20170217_2 20170217_3 20170219_1 20170216_1
20151011 image_0 image_5 image_6 image_1 image_2 image_3 image_4
20150822 img_0613 img_0633 img_0640 img_0645
20131201 img_4109 img_4137 pb300321 pb300323
20131103 dsc_0542 dsc_0005 dsc_0098 dsc_0017 dsc_0553 dsc_0583 dsc_0594 dsc_0024 dsc_0609
20130929 dsc_0321 dsc_0354 dsc_0365
20130406 dsc_0019 dsc_0048 dsc_0051 dsc_0114 dsc_0134 dsc_0217 dsc_0603 dsc_0161 dsc_0145 dsc_0151
20130720 img_3934 img_3826 img_3859 img_3837 img_3912 img_4117
20130609 01 03 04 05 02 06 07 08 09 10 11 12
20130303 dsc04714 dsc04702 dsc04703 dsc04704 dsc04706 dsc04711 dsc04716 dsc04717 dsc04728 dsc04739 dsc04748 dsc04752
20130128 img_5796 img_5804 img_7812 img_7825 img_7859 img_7869 img_8078 img_8202 img_8203 img_8249 img_8270 img_8438
20120705 img_5167 img_5190 img_5240 img_5242 img_5246 img_5260 img_5270 img_5271 img_5278 img_5280 img_5285 img_5300
20120318 img_7752 img_7754 img_7736 img_7747 img_7759 img_7762 img_7767 img_7770 img_7775
20111218 vid_zala barishev akimova2 akimova1 rybalchenko loria1 loria2 lomaka
20110925 rscn0848 dscn0709 dscn0690 dscn0696 dscn0708 0438be60 2964e107 img_2456 dscn0838 img_2474
20110918 p1020251 p1020253 p1020257 p1020267 p1020271 p1020241
20110811 668380be 9981e392 16045060 ac4b9fea 1cfbe872 4afea7aa 6c61c454 8a69ca90 93a3cb2c 1608a70c b40f84cb 60129347
20110710 img_4662 img_4667 img_4719 img_4729 img_4806 img_5464 img_5466 img_5468 img_5532 img_5581 img_6442 img_6398 img_6402 img_6583 img_6771 img_6871 
20110227 img_1121 img_1123 img_1124 img_1125 img_1126 img_1127 img_1129 img_1130 img_1131 img_1128 img_1132 img_1133
20110213 img_4417 img_4418 img_4419 img_4423 img_4434 img_4435 img_4438 img_4443 img_4449 img_4457
20110110 dsc01739 dsc01740 dsc01741 dsc01744 dsc01745 dsc01746 dsc01756 dsc01760 dsc01761 dsc01765 dsc01775 dsc01785
20101212 dsc01655 dsc01665 dsc01669 dsc01674 dsc01677 dsc01679 dsc01686 dsc01691 dsc01692 dsc01693 dsc01694
20101205 dsc01203 dsc01208 dsc01211 dsc01214 dsc01217 dsc01219 dsc01225 dsc01226 dsc01244 dsc01245 dsc01265 dsc01272
20101031 img_4197 img_4202 img_4213 img_4216 img_4219 img_4226 img_4227 img_4194 img_4231 img_4232 img_4236 img_4237
20100812 dsc03048 dsc03053 dsc03063 dsc03077 dsc03086 dsc03090 dsc03093 dsc03119 dsc03140 dsc03146 dsc03190 dsc03209
20100625 img_3637 img_3642 img_3652 img_3659 img_3668 img_3673 img_3694 img_3719 img_3815 img_3848 img_3857 img_3861
20100605 dscn4903 cimg0025 cimg0029 dscn4905 dscn4904
20100418 img_1966 img_2000 img_2042 img_2052 img_2118 img_2227 img_2295 img_2347 img_2364 img_2372 img_2435 img_2436 img_1870 img_1904
20100320 img_0323 img_0324 img_0325 img_0320 img_0321 img_0322
20100214 img_0214 img_0215 img_0216 img_0217 img_0218 img_0219 img_0220 img_0221
20100131 dsc00647 dsc00615 dsc00620 dsc00621 dsc00644 dsc00663 dsc00668 dsc00636 dsc00679 dsc00681 dsc00685 dsc00732
20100110 dsc00224 dsc00243 dsc00249 dsc00262 dsc00270 dsc00288 dsc00299 dsc00320 dsc00340 dsc00350 dsc00443 dsc00449
20091206 dscn6756 dscn6775 dscn6777 dscn6792 dscn6808 dscn6812 dscn6819 dscn6822
20091101 dsc03746 dsc03637 dsc03787 dsc03617 dsc03751 dsc00329 dsc03768 dsc00333
20091018 img_2724 img_2725 img_2739 img_2740 img_2746 img_2751 img_2754 img_2761
20091011 100_0555 100_0556 100_0558 100_0562
20091004 img_2668 img_2669 img_2676 img_2702 dscn6231 dscn6355 dscn6388 dscn6394
20090920 img_0277 img_0278 img_0285 img_0290
20090913 p0909131 p0909132 p0909133 p0909134 p0909135 p0909136 p0909137 p0909138
20090906 img_2463 img_2466 img_2499 img_2518 img_2557 img_2579 img_2593 img_2599 img_2622 img_2632 img_2647 img_2660
20090905 img_3205 img_3471
20090810 dsc01526 dsc01530 dsc01531 dsc01564 dscn5818 dscn6108 dscn6119 dscn6151 dscn6152 dscn6154 dscn6161 dscn6168
20090630 img_1671 img_1751 img_1713 img_1812 img_1689 img_1763 img_1816 img_1926 img_1721 img_2046 img_1775 img_2062
20090606 dsc_0082 dsc02669 dsc02671 dsc02686 dsc02721 dsc02746 dsc02763 dsc02791
20090524 dscn5423 dscn5414 dscn5424 dscn5426 dscn5411 dscn5413 dscn5418 dscn5442 dscn5429 dscn5438 dscn5439 dscn5441
20090503 dscn5318 dscn5320 dscn5323 dscn5329 dscn5332 dscn5339 dscn5345 dscn5349 dscn5355 dscn5365 dscn5388 dscn5404
20090426 img_3438 img_3439 img_3440 img_3468
20090412 dscn5236 dscn5237 dscn5245 dscn5263 dscn5269 dscn5273
20090322 dsc_1994 dsc_2147 dsc_2218 dsc_2220 dsc_2672 imgp9717